Draw_Bounce/exports/export 1/unityLibrary/build/intermediates/manifest_merge_blame_file/debug/manifest-merger-blame-debug-report.txt
1<?xml version="1.0" encoding="utf-8"?>
2<manifest xmlns:android="http://schemas.android.com/apk/res/android"
3    xmlns:tools="http://schemas.android.com/tools"
4    package="com.unity3d.player"
5    android:installLocation="preferExternal"
6    android:versionCode="1"
7    android:versionName="0.1"
8    tools:ignore="MissingLeanbackSupport" >
9
10    <uses-sdk
11        android:minSdkVersion="19"
11-->src\main\AndroidManifest.xml
12        android:targetSdkVersion="29" />
12-->src\main\AndroidManifest.xml
13
14    <uses-permission android:name="android.permission.INTERNET" />
14-->src\main\AndroidManifest.xml:3:3-65
14-->src\main\AndroidManifest.xml:3:20-62
15    <uses-permission android:name="android.permission.ACCESS_NETWORK_STATE" />
15-->src\main\AndroidManifest.xml:4:3-77
15-->src\main\AndroidManifest.xml:4:20-74
16    <uses-permission android:name="android.permission.ACCESS_WIFI_STATE" />
16-->src\main\AndroidManifest.xml:5:3-74
16-->src\main\AndroidManifest.xml:5:20-71
17    <uses-permission android:name="com.google.android.finsky.permission.BIND_GET_INSTALL_REFERRER_SERVICE" />
17-->src\main\AndroidManifest.xml:6:3-108
17-->src\main\AndroidManifest.xml:6:20-105
18
19    <uses-feature android:glEsVersion="0x00020000" />
19-->src\main\AndroidManifest.xml:7:3-52
19-->src\main\AndroidManifest.xml:7:17-49
20    <uses-feature
20-->src\main\AndroidManifest.xml:42:3-91
21        android:name="android.hardware.vulkan.version"
21-->src\main\AndroidManifest.xml:42:17-63
22        android:required="false" />
22-->src\main\AndroidManifest.xml:42:64-88
23    <uses-feature
23-->src\main\AndroidManifest.xml:43:3-88
24        android:name="android.hardware.touchscreen"
24-->src\main\AndroidManifest.xml:43:17-60
25        android:required="false" />
25-->src\main\AndroidManifest.xml:43:61-85
26    <uses-feature
26-->src\main\AndroidManifest.xml:44:3-99
27        android:name="android.hardware.touchscreen.multitouch"
27-->src\main\AndroidManifest.xml:44:17-71
28        android:required="false" />
28-->src\main\AndroidManifest.xml:44:72-96
29    <uses-feature
29-->src\main\AndroidManifest.xml:45:3-108
30        android:name="android.hardware.touchscreen.multitouch.distinct"
30-->src\main\AndroidManifest.xml:45:17-80
31        android:required="false" />
31-->src\main\AndroidManifest.xml:45:81-105
32
33    <application
33-->src\main\AndroidManifest.xml:8:3-41:17
34        android:name="androidx.multidex.MultiDexApplication"
34-->src\main\AndroidManifest.xml:8:16-68
35        android:allowBackup="false"
35-->src\main\AndroidManifest.xml:8:103-130
36        android:fullBackupContent="false"
36-->src\main\AndroidManifest.xml:8:69-102
37        android:theme="@android:style/Theme.NoTitleBar"
37-->src\main\AndroidManifest.xml:8:131-178
38        tools:ignore="GoogleAppIndexingWarning,MissingTvBanner"
38-->src\main\AndroidManifest.xml:8:179-234
39        tools:replace="fullBackupContent,allowBackup" >
39-->src\main\AndroidManifest.xml:8:235-280
40
41        <!-- UNITY -->
42        <activity
42-->src\main\AndroidManifest.xml:10:5-20:16
43            android:name="com.unity3d.player.UnityPlayerActivity"
43-->src\main\AndroidManifest.xml:10:15-68
44            android:configChanges="mcc|mnc|locale|touchscreen|keyboard|keyboardHidden|navigation|orientation|screenLayout|uiMode|screenSize|smallestScreenSize|fontScale|layoutDirection|density"
44-->src\main\AndroidManifest.xml:10:177-358
45            android:hardwareAccelerated="false"
45-->src\main\AndroidManifest.xml:10:394-429
46            android:label="@string/app_name"
46-->src\main\AndroidManifest.xml:10:69-101
47            android:launchMode="singleTask"
47-->src\main\AndroidManifest.xml:10:145-176
48            android:resizeableActivity="false"
48-->src\main\AndroidManifest.xml:10:359-393
49            android:screenOrientation="sensorPortrait" >
49-->src\main\AndroidManifest.xml:10:102-144
50            <intent-filter>
50-->src\main\AndroidManifest.xml:11:7-15:23
51                <action android:name="android.intent.action.MAIN" />
51-->src\main\AndroidManifest.xml:12:9-61
51-->src\main\AndroidManifest.xml:12:17-58
52
53                <category android:name="android.intent.category.LAUNCHER" />
53-->src\main\AndroidManifest.xml:13:9-69
53-->src\main\AndroidManifest.xml:13:19-66
54                <category android:name="android.intent.category.LEANBACK_LAUNCHER" />
54-->src\main\AndroidManifest.xml:14:9-78
54-->src\main\AndroidManifest.xml:14:19-75
55            </intent-filter>
56
57            <meta-data
57-->src\main\AndroidManifest.xml:16:7-82
58                android:name="unityplayer.UnityActivity"
58-->src\main\AndroidManifest.xml:16:18-58
59                android:value="true" />
59-->src\main\AndroidManifest.xml:16:59-79
60            <meta-data
60-->src\main\AndroidManifest.xml:17:7-97
61                android:name="unityplayer.ForwardNativeEventsToDalvik"
61-->src\main\AndroidManifest.xml:17:18-72
62                android:value="false" />
62-->src\main\AndroidManifest.xml:17:73-94
63            <meta-data
63-->src\main\AndroidManifest.xml:18:7-120
64                android:name="com.google.android.gms.version"
64-->src\main\AndroidManifest.xml:18:18-63
65                android:value="@integer/google_play_services_version" />
65-->src\main\AndroidManifest.xml:18:64-117
66            <meta-data
66-->src\main\AndroidManifest.xml:19:7-78
67                android:name="android.notch_support"
67-->src\main\AndroidManifest.xml:19:18-54
68                android:value="true" />
68-->src\main\AndroidManifest.xml:19:55-75
69        </activity>
70        <!-- FULLSCREEN FIX -->
71        <meta-data
71-->src\main\AndroidManifest.xml:22:5-73
72            android:name="android.max_aspect"
72-->src\main\AndroidManifest.xml:22:16-49
73            android:value="2.16" />
73-->src\main\AndroidManifest.xml:22:50-70
74        <!-- 3rdParty MANIFEST -->
75        <activity
75-->src\main\AndroidManifest.xml:24:5-301
76            android:name="com.facebook.unity.FBUnityLoginActivity"
76-->src\main\AndroidManifest.xml:24:15-69
77            android:configChanges="fontScale|keyboard|keyboardHidden|locale|mnc|mcc|navigation|orientation|screenLayout|screenSize|smallestScreenSize|uiMode|touchscreen"
77-->src\main\AndroidManifest.xml:24:70-227
78            android:theme="@android:style/Theme.Translucent.NoTitleBar.Fullscreen" />
78-->src\main\AndroidManifest.xml:24:228-298
79        <activity
79-->src\main\AndroidManifest.xml:25:5-303
80            android:name="com.facebook.unity.FBUnityDialogsActivity"
80-->src\main\AndroidManifest.xml:25:15-71
81            android:configChanges="fontScale|keyboard|keyboardHidden|locale|mnc|mcc|navigation|orientation|screenLayout|screenSize|smallestScreenSize|uiMode|touchscreen"
81-->src\main\AndroidManifest.xml:25:72-229
82            android:theme="@android:style/Theme.Translucent.NoTitleBar.Fullscreen" />
82-->src\main\AndroidManifest.xml:25:230-300
83        <activity
83-->src\main\AndroidManifest.xml:26:5-322
84            android:name="com.facebook.unity.FBUnityGamingServicesFriendFinderActivity"
84-->src\main\AndroidManifest.xml:26:15-90
85            android:configChanges="fontScale|keyboard|keyboardHidden|locale|mnc|mcc|navigation|orientation|screenLayout|screenSize|smallestScreenSize|uiMode|touchscreen"
85-->src\main\AndroidManifest.xml:26:91-248
86            android:theme="@android:style/Theme.Translucent.NoTitleBar.Fullscreen" />
86-->src\main\AndroidManifest.xml:26:249-319
87        <activity
87-->src\main\AndroidManifest.xml:27:5-98
88            android:name="com.facebook.unity.FBUnityAppLinkActivity"
88-->src\main\AndroidManifest.xml:27:15-71
89            android:exported="true" />
89-->src\main\AndroidManifest.xml:27:72-95
90        <activity
90-->src\main\AndroidManifest.xml:28:5-102
91            android:name="com.facebook.unity.FBUnityDeepLinkingActivity"
91-->src\main\AndroidManifest.xml:28:15-75
92            android:exported="true" />
92-->src\main\AndroidManifest.xml:28:76-99
93        <activity android:name="com.facebook.unity.FBUnityGameRequestActivity" />
93-->src\main\AndroidManifest.xml:29:5-78
93-->src\main\AndroidManifest.xml:29:15-75
94        <activity android:name="com.facebook.unity.FBUnityCreateGameGroupActivity" />
94-->src\main\AndroidManifest.xml:30:5-82
94-->src\main\AndroidManifest.xml:30:15-79
95        <activity android:name="com.facebook.unity.FBUnityJoinGameGroupActivity" />
95-->src\main\AndroidManifest.xml:31:5-80
95-->src\main\AndroidManifest.xml:31:15-77
96
97        <meta-data
97-->src\main\AndroidManifest.xml:32:5-98
98            android:name="com.facebook.sdk.ApplicationId"
98-->src\main\AndroidManifest.xml:32:16-61
99            android:value="fb213273517519369" />
99-->src\main\AndroidManifest.xml:32:62-95
100        <meta-data
100-->src\main\AndroidManifest.xml:33:5-95
101            android:name="com.facebook.sdk.AutoLogAppEventsEnabled"
101-->src\main\AndroidManifest.xml:33:16-71
102            android:value="true" />
102-->src\main\AndroidManifest.xml:33:72-92
103        <meta-data
103-->src\main\AndroidManifest.xml:34:5-101
104            android:name="com.facebook.sdk.AdvertiserIDCollectionEnabled"
104-->src\main\AndroidManifest.xml:34:16-77
105            android:value="true" />
105-->src\main\AndroidManifest.xml:34:78-98
106
107        <provider
107-->src\main\AndroidManifest.xml:35:5-171
108            android:name="com.facebook.FacebookContentProvider"
108-->src\main\AndroidManifest.xml:35:15-66
109            android:authorities="com.facebook.app.FacebookContentProvider213273517519369"
109-->src\main\AndroidManifest.xml:35:67-144
110            android:exported="true" />
110-->src\main\AndroidManifest.xml:35:145-168
111
112        <meta-data
112-->src\main\AndroidManifest.xml:36:5-69
113            android:name="unity.splash-mode"
113-->src\main\AndroidManifest.xml:36:16-48
114            android:value="0" />
114-->src\main\AndroidManifest.xml:36:49-66
115        <meta-data
115-->src\main\AndroidManifest.xml:37:5-74
116            android:name="unity.splash-enable"
116-->src\main\AndroidManifest.xml:37:16-50
117            android:value="True" />
117-->src\main\AndroidManifest.xml:37:51-71
118        <meta-data
118-->src\main\AndroidManifest.xml:38:5-84
119            android:name="unity.allow-resizable-window"
119-->src\main\AndroidManifest.xml:38:16-59
120            android:value="False" />
120-->src\main\AndroidManifest.xml:38:60-81
121        <meta-data
121-->src\main\AndroidManifest.xml:39:5-81
122            android:name="notch.config"
122-->src\main\AndroidManifest.xml:39:16-43
123            android:value="portrait|landscape" />
123-->src\main\AndroidManifest.xml:39:44-78
124        <meta-data
124-->src\main\AndroidManifest.xml:40:5-101
125            android:name="unity.build-id"
125-->src\main\AndroidManifest.xml:40:16-45
126            android:value="56488cb2-3ab9-4de4-8789-ee79a24b73f4" />
126-->src\main\AndroidManifest.xml:40:46-98
127    </application>
128
129</manifest>